2/26/2016 -- 1:38 PM Graham has logged on
2/26/2016 -- 1:38 PM Graham has logged off
2/26/2016 -- 1:39 PM mom has logged on
2/26/2016 -- 1:40 PM Graham has logged on
2/26/2016 -- 1:47 PM Graham has logged off
2/26/2016 -- 1:48 PM Graham has logged on
2/26/2016 -- 2:19 PM Graham has logged on
2/26/2016 -- 4:35 PM Graham has logged on
2/26/2016 -- 4:54 PM Graham has logged on
2/27/2016 -- 8:13 AM Graham has logged on
2/27/2016 -- 8:29 AM Graham has logged on
2/27/2016 -- 8:29 AM Graham has logged off
2/27/2016 -- 8:31 AM Graham has logged on
2/27/2016 -- 8:33 AM Graham has logged on
2/27/2016 -- 8:48 AM Graham has logged off
2/27/2016 -- 8:48 AM Graham has logged on
2/27/2016 -- 9:14 AM graham has logged on
2/27/2016 -- 9:14 AM graham has logged off
2/27/2016 -- 9:16 AM test has logged on
2/27/2016 -- 9:17 AM test has logged off
2/27/2016 -- 9:47 AM test has logged on
2/27/2016 -- 9:50 AM Test has logged on
2/27/2016 -- 10:41 AM GARANCHA has logged on
2/27/2016 -- 10:41 AM Graham has logged on
2/27/2016 -- 1:58 PM Graham has logged on
2/27/2016 -- 2:13 PM Grahamm has logged on
2/27/2016 -- 3:24 PM Grahammm has logged on
2/27/2016 -- 3:26 PM mom has logged on
2/27/2016 -- 3:44 PM Graham has logged on
2/27/2016 -- 3:48 PM Graham has logged on
2/27/2016 -- 4:10 PM Grahammm has logged off
2/27/2016 -- 5:27 PM Graham has logged on
2/27/2016 -- 6:25 PM Graham has logged on
2/27/2016 -- 6:26 PM Graham has logged on
2/27/2016 -- 8:40 PM Graham has logged on
2/27/2016 -- 10:49 PM Graham has logged on
2/28/2016 -- 8:27 AM mom has logged on
2/28/2016 -- 8:30 AM Graham has logged on
2/28/2016 -- 8:34 AM Graham has logged on
2/28/2016 -- 8:36 AM Graham has logged off
2/28/2016 -- 8:36 AM Graham has logged on
2/28/2016 -- 11:58 AM Graham has logged on
2/29/2016 -- 9:38 AM Natalie Quintanilla has logged on
2/29/2016 -- 11:43 AM Natalie Quintanilla has logged on
2/29/2016 -- 3:48 PM Graham has logged on
2/29/2016 -- 5:16 PM Graham has logged on
2/29/2016 -- 5:49 PM Graham has logged on
2/29/2016 -- 5:56 PM Graham has logged on
3/1/2016 -- 8:17 AM Graham has logged on
3/1/2016 -- 8:18 AM leslie has logged on
3/1/2016 -- 8:29 AM Graham has logged on
3/1/2016 -- 9:57 AM leslie has logged on
3/1/2016 -- 11:14 AM leslie has logged on
3/1/2016 -- 11:35 AM Graham has logged on
3/1/2016 -- 12:56 PM leslie has logged on
3/1/2016 -- 2:19 PM Graham has logged on
3/1/2016 -- 5:21 PM Mom (Hi Reub) has logged on
3/1/2016 -- 7:34 PM mom has logged on
3/1/2016 -- 7:35 PM mom has logged off
3/1/2016 -- 10:24 PM Graham has logged on
3/2/2016 -- 7:54 AM mom has logged on
3/2/2016 -- 8:09 AM Graham has logged on
3/2/2016 -- 9:20 AM  has logged off
3/2/2016 -- 11:04 AM leslie has logged on
3/2/2016 -- 11:09 AM Natalie Quintanilla has logged on
3/2/2016 -- 11:42 AM Graham has logged on
3/2/2016 -- 11:54 AM Graham has logged on
3/2/2016 -- 12:14 PM leslie has logged on
3/2/2016 -- 3:57 PM Graham has logged on
3/2/2016 -- 5:02 PM Graham has logged on
3/2/2016 -- 8:06 PM Graham has logged on
3/3/2016 -- 8:07 AM Graham has logged on
3/3/2016 -- 1:39 PM Graham has logged on
3/3/2016 -- 2:13 PM Graham has logged on
3/3/2016 -- 2:59 PM Graham has logged on
3/4/2016 -- 10:06 AM mother has logged on
3/4/2016 -- 10:07 AM mother has logged off
3/4/2016 -- 10:52 AM Graham has logged on
3/4/2016 -- 3:56 PM leslie has logged on
3/5/2016 -- 12:42 PM mom has logged on
3/5/2016 -- 12:42 PM mom has logged off
3/5/2016 -- 3:00 PM Graham has logged on
3/5/2016 -- 3:29 PM mom has logged on
3/5/2016 -- 3:32 PM mom has logged off
3/5/2016 -- 4:33 PM Graham has logged on
3/5/2016 -- 4:40 PM mom has logged on
3/5/2016 -- 5:12 PM mom has logged off
3/5/2016 -- 6:39 PM Graham has logged on
3/5/2016 -- 6:53 PM Graham has logged on
3/5/2016 -- 6:54 PM Graham has logged on
3/5/2016 -- 6:56 PM Graham has logged on
3/5/2016 -- 7:12 PM Graham has logged off
3/5/2016 -- 7:12 PM Graham  has logged on
3/5/2016 -- 7:21 PM Graham has logged on
3/5/2016 -- 8:49 PM Graham has logged on
3/5/2016 -- 10:17 PM Graham has logged on
3/6/2016 -- 9:25 AM Graham has logged on
3/6/2016 -- 9:26 AM Graham  has logged on
3/6/2016 -- 10:21 AM Graham  has logged on
3/6/2016 -- 10:22 AM Graham  has logged off
3/6/2016 -- 10:22 AM Graham  has logged on
3/6/2016 -- 11:25 AM Graham has logged on
3/6/2016 -- 10:55 PM Graham  has logged on
3/7/2016 -- 9:26 AM Graham has logged on
3/7/2016 -- 10:20 AM leslie has logged on
3/7/2016 -- 12:13 PM mom has logged on
3/7/2016 -- 12:16 PM mom has logged off
3/7/2016 -- 1:06 PM Graham has logged on
3/8/2016 -- 8:44 AM Graham has logged on
3/9/2016 -- 9:20 AM Graham has logged on
3/9/2016 -- 11:22 AM Graham has logged on
3/10/2016 -- 12:44 PM leslie has logged on
3/10/2016 -- 2:47 PM Graham has logged on
3/10/2016 -- 4:55 PM leslie has logged on
3/10/2016 -- 7:46 PM Graham has logged on
3/12/2016 -- 2:35 PM Graham has logged on
3/13/2016 -- 12:33 PM mom has logged on
3/13/2016 -- 12:34 PM mom has logged off
3/13/2016 -- 8:41 PM mom has logged on
3/13/2016 -- 8:50 PM mom has logged off
3/14/2016 -- 8:46 AM Graham has logged on
3/14/2016 -- 10:15 AM Graham has logged on
3/15/2016 -- 9:51 AM Graham has logged on
3/15/2016 -- 2:43 PM Graham has logged on
3/16/2016 -- 5:36 PM Graham has logged on
3/17/2016 -- 2:59 PM Graham has logged on
7/19/2016 -- 8:54 PM Graham has logged on
7/19/2016 -- 8:59 PM Graham has logged on
7/20/2016 -- 11:47 AM Graham has logged on
7/20/2016 -- 12:00 PM Graham has logged on
7/23/2016 -- 5:14 PM Graham has logged on
7/24/2016 -- 9:23 PM Graham has logged on
7/25/2016 -- 10:45 AM Graham has logged on
7/26/2016 -- 11:59 PM Graham has logged on
7/27/2016 -- 12:00 AM GrahamTest has logged on
7/27/2016 -- 12:00 AM GrahamTest has logged off
7/27/2016 -- 12:00 AM GrahamTest has logged on
7/27/2016 -- 12:00 AM GrahamTest has logged off
7/27/2016 -- 12:01 AM Graham has logged on
7/27/2016 -- 12:01 AM Graham has logged off
7/30/2016 -- 9:37 AM Graham has logged on
8/9/2016 -- 6:12 PM Graham has logged on
8/9/2016 -- 6:51 PM Graham has logged on
8/15/2016 -- 5:32 PM Graham has logged on
8/16/2016 -- 2:03 PM Graham has logged on
8/21/2016 -- 9:26 AM Graham has logged on
8/30/2016 -- 8:26 AM Graham has logged on
9/1/2016 -- 11:42 PM Graham has logged on
